
CPPTRAJ: Trajectory Analysis. V5.1.0
    ___  ___  ___  ___
     | \/ | \/ | \/ | 
    _|_/\_|_/\_|_/\_|_

| Date/time: 07/11/22 08:58:05
| Available memory: 377.688 MB

	Reading '/home/dimas/SCRIPTS/CENCALC/CCMLA_QSORT/example/output_files/../top_traj_files/drug_25.top' as Amber Topology
	Radius Set: modified Bondi radii (mbondi)
INPUT: Reading input from 'STDIN'
  [trajin /home/dimas/SCRIPTS/CENCALC/CCMLA_QSORT/example/output_files/../top_traj_files/drug_25.mdcrd 1 1000000 10]
	Reading '/home/dimas/SCRIPTS/CENCALC/CCMLA_QSORT/example/output_files/../top_traj_files/drug_25.mdcrd' as Amber NetCDF
  [matrix dist @2,4,6,8,9,10,16,17,18,19,20,21,22,23,26,27,28 @2,4,6,8,9,10,16,17,18,19,20,21,22,23,26,27,28 out distance_matrix.dat]
    MATRIX: Calculating distance matrix, output is by atom.
	Printing to file distance_matrix.dat
	Matrix data set is 'Mat_00001'
	Start: 1  Stop: Final frame
	Mask1 is '@2,4,6,8,9,10,16,17,18,19,20,21,22,23,26,27,28'
	Mask2 is '@2,4,6,8,9,10,16,17,18,19,20,21,22,23,26,27,28'
---------- RUN BEGIN -------------------------------------------------

PARAMETER FILES (1 total):
 0: drug_25.top, 33 atoms, 1 res, box: None, 1 mol

INPUT TRAJECTORIES (1 total):
 0: 'drug_25.mdcrd' is a NetCDF AMBER trajectory with coordinates, time, Parm drug_25.top (reading 100000 of 1000000)
  Coordinate processing will occur on 100000 frames.

BEGIN TRAJECTORY PROCESSING:
.....................................................
ACTION SETUP FOR PARM 'drug_25.top' (1 actions):
  0: [matrix dist @2,4,6,8,9,10,16,17,18,19,20,21,22,23,26,27,28 @2,4,6,8,9,10,16,17,18,19,20,21,22,23,26,27,28 out distance_matrix.dat]
	Mask [@2,4,6,8,9,10,16,17,18,19,20,21,22,23,26,27,28] corresponds to 17 atoms.
	Mask [@2,4,6,8,9,10,16,17,18,19,20,21,22,23,26,27,28] corresponds to 17 atoms.
----- drug_25.mdcrd (1-1000000, 10) -----
 0% 10% 20% 30% 40% 50% 60% 70% 80% 90% 100% Complete.

Read 100000 frames and processed 100000 frames.
TIME: Avg. throughput= 364197.8906 frames / second.

ACTION OUTPUT:
TIME: Analyses took 0.0000 seconds.

DATASETS (1 total):
	Mat_00001 "Mat_00001" (double matrix, matrix(distance)), size is 289 (2.372 kB)
    Total data set memory usage is at least 2.372 kB

DATAFILES (1 total):
  distance_matrix.dat (Standard Data File):  Mat_00001

RUN TIMING:
TIME:		Init               : 0.0000 s (  0.00%)
TIME:		Trajectory Process : 0.2746 s ( 99.90%)
TIME:		Action Post        : 0.0000 s (  0.00%)
TIME:		Analysis           : 0.0000 s (  0.00%)
TIME:		Data File Write    : 0.0002 s (  0.09%)
TIME:		Other              : 0.0000 s (  0.00%)
TIME:	Run Total 0.2748 s
---------- RUN END ---------------------------------------------------
TIME: Total execution time: 0.2808 seconds.
--------------------------------------------------------------------------------
To cite CPPTRAJ use:
Daniel R. Roe and Thomas E. Cheatham, III, "PTRAJ and CPPTRAJ: Software for
  Processing and Analysis of Molecular Dynamics Trajectory Data". J. Chem.
  Theory Comput., 2013, 9 (7), pp 3084-3095.

