 _______________________________ 
||  _____                       |
||  \\   ||                     |
||   \\  PROGRAM CENCALC_CCMLA  |
||   //     using quicksort     |
||  //___||                     |
||______________________________|
  
 OMP Parallel Execution
 Number of Processors=          12
 Number of Threads   =          12
  
Reading the data matrix...
 filename: /dev/shm/TMPDIR_686908689/MATRIX.dat                        
Number of Columns:     8
  
-------------------------
 CALCULATING THE ENTROPY 
-------------------------
  
=========================
  Estimator: Max-Likelihood
Method:            CC-MLA
Cut-Off:           -1.000
Num of Snapshots: 1000000
Num of Columns  :       8
=========================
CCMLA normal output 
           ...
          10 %
          20 %
          30 %
          40 %
          60 %
          70 %
          80 %
          90 %
  
ESTIMATED ENTROPY (cal/mol-Kelvin)         
-----------------------------------        
# NumSnap     Entropy
  1000000      2.5000      4.9607      5.3477      4.8606      4.8333      5.2887      5.3172      5.2159      5.1658      5.1890      5.2644      5.3482      5.2858      5.2887      5.3041      5.4059      5.4207      5.4326      5.4313      5.4415
DONE
 Partial cpu-time for CALC  0:       9.38 seconds     0.00 hours
Partial real-time for CALC  0:       2.57 seconds     0.00 hours
  
              TOTAL CPU-TIME :      10.22 seconds     0.00 hours
              TOTAL REAL-TIME:       3.37 seconds     0.00 hours
